Test (2A): initial election ...
change to follower
change to follower
change to follower
--- FAIL: TestInitialElection2A (5.03s)
    config.go:454: expected one leader, got none
Test (2A): election after network failure ...
change to follower
change to follower
change to follower
--- FAIL: TestReElection2A (4.89s)
    config.go:454: expected one leader, got none
Test (2A): multiple elections ...
change to follower
change to follower
change to follower
change to follower
change to follower
change to follower
change to follower
--- FAIL: TestManyElections2A (4.95s)
    config.go:454: expected one leader, got none
FAIL
exit status 1
FAIL	6.5840/raft	15.073s
