Test: one client (3A) ...
  ... Passed --  15.2  5  8962  472
Test: ops complete fast enough (3A) ...
--- FAIL: TestSpeed3A (34.15s)
    test_test.go:422: Operations completed too slowly 33.66063ms/op > 33.333333ms/op
Test: many clients (3A) ...
  ... Passed --  15.6  5 15617  990
Test: unreliable net, many clients (3A) ...
  ... Passed --  16.1  5  5782  860
Test: concurrent append to same key, unreliable (3A) ...
  ... Passed --   1.7  3   248   52
Test: progress in majority (3A) ...
  ... Passed --   0.4  5    50    2
Test: no progress in minority (3A) ...
  ... Passed --   1.1  5   113    3
Test: completion after heal (3A) ...
  ... Passed --   1.0  5    55    3
Test: partitions, one client (3A) ...
  ... Passed --  22.3  5 32403  379
Test: partitions, many clients (3A) ...
  ... Passed --  22.9  5 91121  846
Test: restarts, one client (3A) ...
labgob warning: Decoding into a non-default variable/field int may not work
  ... Passed --  29.6  5 25924  472
Test: restarts, many clients (3A) ...
  ... Passed --  45.2  5 61599 1047
Test: unreliable net, restarts, many clients (3A) ...
  ... Passed --  42.4  5  8720  844
Test: restarts, partitions, many clients (3A) ...
  ... Passed --  49.3  5 134373  936
Test: unreliable net, restarts, partitions, many clients (3A) ...
  ... Passed --  44.7  5  6955  700
Test: unreliable net, restarts, partitions, random keys, many clients (3A) ...
  ... Passed --  46.9  7 20842  527
FAIL
exit status 1
FAIL	6.5840/kvraft	389.400s
